<?xml version="1.0" encoding="UTF-8"?>
<!-- Generated by org.testng.reporters.JUnitReportReporter -->
<testsuite skipped="0" hostname="Denis-PC" name="testng.calculator.SubLongTest" tests="6" failures="0" timestamp="04 июн 2017 13:27:08 GMT" time="0.000" errors="0">
  <testcase name="testSubLong" time="0.000" classname="testng.calculator.SubLongTest"/>
  <testcase name="testSubLong" time="0.000" classname="testng.calculator.SubLongTest"/>
  <testcase name="testSubLong" time="0.000" classname="testng.calculator.SubLongTest"/>
  <testcase name="testSubLong" time="0.000" classname="testng.calculator.SubLongTest"/>
  <testcase name="testSubLong" time="0.000" classname="testng.calculator.SubLongTest"/>
  <testcase name="testSubLong" time="0.000" classname="testng.calculator.SubLongTest"/>
</testsuite> <!-- testng.calculator.SubLongTest -->
