<?xml version="1.0" encoding="UTF-8"?>
<!-- Generated by org.testng.reporters.JUnitReportReporter -->
<testsuite skipped="0" hostname="Denis-PC" name="testng.calculator.SumLongTest" tests="8" failures="0" timestamp="04 июн 2017 13:27:08 GMT" time="0.000" errors="0">
  <testcase name="testSum" time="0.000" classname="testng.calculator.SumLongTest"/>
  <testcase name="testSum" time="0.000" classname="testng.calculator.SumLongTest"/>
  <testcase name="testSumString" time="0.000" classname="testng.calculator.SumLongTest"/>
  <testcase name="testSum" time="0.000" classname="testng.calculator.SumLongTest"/>
  <testcase name="testSum" time="0.000" classname="testng.calculator.SumLongTest"/>
  <testcase name="testSum" time="0.000" classname="testng.calculator.SumLongTest"/>
  <testcase name="testSum" time="0.000" classname="testng.calculator.SumLongTest"/>
  <testcase name="testSum" time="0.000" classname="testng.calculator.SumLongTest"/>
</testsuite> <!-- testng.calculator.SumLongTest -->
