<?xml version="1.0" encoding="UTF-8"?>
<!-- Generated by org.testng.reporters.JUnitReportReporter -->
<testsuite skipped="0" hostname="Denis-PC" name="testng.calculator.DivLongTest" tests="6" failures="0" timestamp="04 июн 2017 13:27:08 GMT" time="0.000" errors="0">
  <testcase name="testDivLong" time="0.000" classname="testng.calculator.DivLongTest"/>
  <testcase name="testDivLong" time="0.000" classname="testng.calculator.DivLongTest"/>
  <testcase name="testDivLong" time="0.000" classname="testng.calculator.DivLongTest"/>
  <testcase name="testDivLong" time="0.000" classname="testng.calculator.DivLongTest"/>
  <testcase name="testDivLong" time="0.000" classname="testng.calculator.DivLongTest"/>
  <testcase name="divByZero" time="0.000" classname="testng.calculator.DivLongTest"/>
</testsuite> <!-- testng.calculator.DivLongTest -->
