<?xml version="1.0" encoding="UTF-8"?>
<!-- Generated by org.testng.reporters.JUnitReportReporter -->
<testsuite skipped="0" hostname="EPBYMINW1588" name="testng.calculator.DivLongTest" tests="5" failures="0" timestamp="05 Jun 2017 13:20:04 GMT" time="0.001" errors="0">
  <testcase name="testDivLong" time="0.000" classname="testng.calculator.DivLongTest"/>
  <testcase name="testDivLong" time="0.000" classname="testng.calculator.DivLongTest"/>
  <testcase name="testDivLong" time="0.000" classname="testng.calculator.DivLongTest"/>
  <testcase name="testDivLong" time="0.000" classname="testng.calculator.DivLongTest"/>
  <testcase name="divByZero" time="0.001" classname="testng.calculator.DivLongTest"/>
</testsuite> <!-- testng.calculator.DivLongTest -->
