<?xml version="1.0" encoding="UTF-8"?>
<!-- Generated by org.testng.reporters.JUnitReportReporter -->
<testsuite skipped="0" hostname="EPBYMINW1588" name="testng.calculator.MultLongTest" tests="5" failures="0" timestamp="05 Jun 2017 13:20:04 GMT" time="0.000" errors="0">
  <testcase name="testMultLong" time="0.000" classname="testng.calculator.MultLongTest"/>
  <testcase name="testMultLong" time="0.000" classname="testng.calculator.MultLongTest"/>
  <testcase name="testMultLong" time="0.000" classname="testng.calculator.MultLongTest"/>
  <testcase name="testMultLong" time="0.000" classname="testng.calculator.MultLongTest"/>
  <testcase name="testMultLong" time="0.000" classname="testng.calculator.MultLongTest"/>
</testsuite> <!-- testng.calculator.MultLongTest -->
